<?xml version="1.0" encoding="UTF-8"?>
<!-- Generated by org.testng.reporters.JUnitReportReporter -->
<testsuite hostname="ATMECSINDT-080" failures="0" tests="4" name="com.atmecs.practo.testscripts.RemoveFromCart" time="38.325" errors="0" timestamp="2019-09-18T12:13:24 IST" skipped="0">
  <testcase classname="com.atmecs.practo.testscripts.RemoveFromCart" name="clickOnDiagnostics" time="32.412"/>
  <testcase classname="com.atmecs.practo.testscripts.RemoveFromCart" name="validateAfterAdd" time="0.567"/>
  <testcase classname="com.atmecs.practo.testscripts.RemoveFromCart" name="cartAfterRemovalOfSample" time="5.150"/>
  <testcase classname="com.atmecs.practo.testscripts.RemoveFromCart" name="validateCartAfterRemoval" time="0.196"/>
</testsuite> <!-- com.atmecs.practo.testscripts.RemoveFromCart -->
